<?xml version="1.0" encoding="UTF-8"?>
<testsuite xmlns:xsi="http://www.w3.org/2001/XMLSchema-instance" xsi:noNamespaceSchemaLocation="https://maven.apache.org/surefire/maven-surefire-plugin/xsd/surefire-test-report.xsd" name="com.yinsel.usercenter.SampleTest" time="3.968" tests="1" errors="0" skipped="0" failures="1">
  <properties>
[...]
</properties>
  <testcase name="testSelect" classname="com.yinsel.usercenter.SampleTest" time="0.981">
    <failure message="expected:&lt;3&gt; but was:&lt;1&gt;" type="java.lang.AssertionError"><![CDATA[java.lang.AssertionError: expected:<3> but was:<1>
	at com.yinsel.usercenter.SampleTest.testSelect(SampleTest.java:22)
]]></failure>
    <system-out><![CDATA[20:41:31.979 [main] DEBUG org.springframework.test.context.BootstrapUtils - Instantiating CacheAwareContextLoaderDelegate from class [org.springframework.test.context.cache.DefaultCacheAwareContextLoaderDelegate]
20:41:31.988 [main] DEBUG org.springframework.test.context.BootstrapUtils - Instantiating BootstrapContext using constructor [public org.springframework.test.context.support.DefaultBootstrapContext(java.lang.Class,org.springframework.test.context.CacheAwareContextLoaderDelegate)]
20:41:32.020 [main] DEBUG org.springframework.test.context.BootstrapUtils - Instantiating TestContextBootstrapper for test class [com.yinsel.usercenter.SampleTest] from class [org.springframework.boot.test.context.SpringBootTestContextBootstrapper]
20:41:32.028 [main] INFO org.springframework.boot.test.context.SpringBootTestContextBootstrapper - Neither @ContextConfiguration nor @ContextHierarchy found for test class [com.yinsel.usercenter.SampleTest], using SpringBootContextLoader
20:41:32.032 [main] DEBUG org.springframework.test.context.support.AbstractContextLoader - Did not detect default resource location for test class [com.yinsel.usercenter.SampleTest]: class path resource [com/yinsel/usercenter/SampleTest-context.xml] does not exist
20:41:32.032 [main] DEBUG org.springframework.test.context.support.AbstractContextLoader - Did not detect default resource location for test class [com.yinsel.usercenter.SampleTest]: class path resource [com/yinsel/usercenter/SampleTestContext.groovy] does not exist
20:41:32.032 [main] INFO org.springframework.test.context.support.AbstractContextLoader - Could not detect default resource locations for test class [com.yinsel.usercenter.SampleTest]: no resource found for suffixes {-context.xml, Context.groovy}.
20:41:32.033 [main] INFO org.springframework.test.context.support.AnnotationConfigContextLoaderUtils - Could not detect default configuration classes for test class [com.yinsel.usercenter.SampleTest]: SampleTest does not declare any static, non-private, non-final, nested classes annotated with @Configuration.
20:41:32.071 [main] DEBUG org.springframework.test.context.support.ActiveProfilesUtils - Could not find an 'annotation declaring class' for annotation type [org.springframework.test.context.ActiveProfiles] and class [com.yinsel.usercenter.SampleTest]
20:41:32.125 [main] DEBUG org.springframework.context.annotation.ClassPathScanningCandidateComponentProvider - Identified candidate component class: file [C:\Users\yinsel\IdeaProject\user-center\target\classes\com\yinsel\usercenter\UserCenterApplication.class]
20:41:32.125 [main] INFO org.springframework.boot.test.context.SpringBootTestContextBootstrapper - Found @SpringBootConfiguration com.yinsel.usercenter.UserCenterApplication for test class com.yinsel.usercenter.SampleTest
20:41:32.239 [main] DEBUG org.springframework.boot.test.context.SpringBootTestContextBootstrapper - @TestExecutionListeners is not present for class [com.yinsel.usercenter.SampleTest]: using defaults.
20:41:32.239 [main] INFO org.springframework.boot.test.context.SpringBootTestContextBootstrapper - Loaded default TestExecutionListener class names from location [META-INF/spring.factories]: [org.springframework.boot.test.mock.mockito.MockitoTestExecutionListener, org.springframework.boot.test.mock.mockito.ResetMocksTestExecutionListener, org.springframework.boot.test.autoconfigure.restdocs.RestDocsTestExecutionListener, org.springframework.boot.test.autoconfigure.web.client.MockRestServiceServerResetTestExecutionListener, org.springframework.boot.test.autoconfigure.web.servlet.MockMvcPrintOnlyOnFailureTestExecutionListener, org.springframework.boot.test.autoconfigure.web.servlet.WebDriverTestExecutionListener, org.springframework.boot.test.autoconfigure.webservices.client.MockWebServiceServerTestExecutionListener, org.springframework.test.context.web.ServletTestExecutionListener, org.springframework.test.context.support.DirtiesContextBeforeModesTestExecutionListener, org.springframework.test.context.event.ApplicationEventsTestExecutionListener, org.springframework.test.context.support.DependencyInjectionTestExecutionListener, org.springframework.test.context.support.DirtiesContextTestExecutionListener, org.springframework.test.context.transaction.TransactionalTestExecutionListener, org.springframework.test.context.jdbc.SqlScriptsTestExecutionListener, org.springframework.test.context.event.EventPublishingTestExecutionListener]
20:41:32.255 [main] INFO org.springframework.boot.test.context.SpringBootTestContextBootstrapper - Using TestExecutionListeners: [org.springframework.test.context.web.ServletTestExecutionListener@7188af83, org.springframework.test.context.support.DirtiesContextBeforeModesTestExecutionListener@6be968ce, org.springframework.test.context.event.ApplicationEventsTestExecutionListener@7c37508a, org.springframework.boot.test.mock.mockito.MockitoTestExecutionListener@247310d0, org.springframework.boot.test.autoconfigure.SpringBootDependencyInjectionTestExecutionListener@1033576a, org.springframework.test.context.support.DirtiesContextTestExecutionListener@303cf2ba, org.springframework.test.context.transaction.TransactionalTestExecutionListener@76494737, org.springframework.test.context.jdbc.SqlScriptsTestExecutionListener@4a003cbe, org.springframework.test.context.event.EventPublishingTestExecutionListener@4082ba93, org.springframework.boot.test.mock.mockito.ResetMocksTestExecutionListener@17fc391b, org.springframework.boot.test.autoconfigure.restdocs.RestDocsTestExecutionListener@2b30a42c, org.springframework.boot.test.autoconfigure.web.client.MockRestServiceServerResetTestExecutionListener@609e8838, org.springframework.boot.test.autoconfigure.web.servlet.MockMvcPrintOnlyOnFailureTestExecutionListener@359df09a, org.springframework.boot.test.autoconfigure.web.servlet.WebDriverTestExecutionListener@43df23d3, org.springframework.boot.test.autoconfigure.webservices.client.MockWebServiceServerTestExecutionListener@6d60fe40]
20:41:32.258 [main] DEBUG org.springframework.test.context.support.AbstractDirtiesContextTestExecutionListener - Before test class: context [DefaultTestContext@533bda92 testClass = SampleTest, testInstance = [null], testMethod = [null], testException = [null], mergedContextConfiguration = [WebMergedContextConfiguration@304bb45b testClass = SampleTest, locations = '{}', classes = '{class com.yinsel.usercenter.UserCenterApplication}', contextInitializerClasses = '[]', activeProfiles = '{}', propertySourceLocations = '{}', propertySourceProperties = '{org.springframework.boot.test.context.SpringBootTestContextBootstrapper=true}', contextCustomizers = set[org.springframework.boot.test.context.filter.ExcludeFilterContextCustomizer@79924b, org.springframework.boot.test.json.DuplicateJsonObjectContextCustomizerFactory$DuplicateJsonObjectContextCustomizer@294425a7, org.springframework.boot.test.mock.mockito.MockitoContextCustomizer@0, org.springframework.boot.test.web.client.TestRestTemplateContextCustomizer@35cabb2a, org.springframework.boot.test.autoconfigure.actuate.metrics.MetricsExportContextCustomizerFactory$DisableMetricExportContextCustomizer@1d2adfbe, org.springframework.boot.test.autoconfigure.properties.PropertyMappingContextCustomizer@0, org.springframework.boot.test.autoconfigure.web.servlet.WebDriverContextCustomizerFactory$Customizer@72967906, org.springframework.boot.test.context.SpringBootTestArgs@1, org.springframework.boot.test.context.SpringBootTestWebEnvironment@1593948d], resourceBasePath = 'src/main/webapp', contextLoader = 'org.springframework.boot.test.context.SpringBootContextLoader', parent = [null]], attributes = map['org.springframework.test.context.web.ServletTestExecutionListener.activateListener' -> true]], class annotated with @DirtiesContext [false] with mode [null].

  .   ____          _            __ _ _
 /\\ / ___'_ __ _ _(_)_ __  __ _ \ \ \ \
( ( )\___ | '_ | '_| | '_ \/ _` | \ \ \ \
 \\/  ___)| |_)| | | | | || (_| |  ) ) ) )
  '  |____| .__|_| |_|_| |_\__, | / / / /
 =========|_|==============|___/=/_/_/_/
 :: Spring Boot ::                (v2.7.7)

2023-04-26 20:41:32.557  INFO 7580 --- [           main] com.yinsel.usercenter.SampleTest         : Starting SampleTest using Java 1.8.0_362 on PC-YSJ with PID 7580 (started by yinsel in C:\Users\yinsel\IdeaProject\user-center)
2023-04-26 20:41:32.558  INFO 7580 --- [           main] com.yinsel.usercenter.SampleTest         : No active profile set, falling back to 1 default profile: "default"
 _ _   |_  _ _|_. ___ _ |    _ 
| | |\/|_)(_| | |_\  |_)||_|_\ 
     /               |         
                        3.5.3.1 
2023-04-26 20:41:34.899  INFO 7580 --- [           main] com.yinsel.usercenter.SampleTest         : Started SampleTest in 2.608 seconds (JVM running for 3.432)
----- selectAll method test ------
2023-04-26 20:41:35.141  INFO 7580 --- [           main] com.zaxxer.hikari.HikariDataSource       : HikariPool-1 - Starting...
2023-04-26 20:41:35.839  INFO 7580 --- [           main] com.zaxxer.hikari.HikariDataSource       : HikariPool-1 - Start completed.
]]></system-out>
  </testcase>
</testsuite>