<?xml version="1.0" encoding="UTF-8"?>
<testsuite xmlns:xsi="http://www.w3.org/2001/XMLSchema-instance" xsi:noNamespaceSchemaLocation="https://maven.apache.org/surefire/maven-surefire-plugin/xsd/surefire-test-report.xsd" name="com.yinsel.usercenter.service.UserServiceTest" time="0.061" tests="3" errors="1" skipped="0" failures="0">
  <properties>
[...]
</properties>
  <testcase name="testAddUser" classname="com.yinsel.usercenter.service.UserServiceTest" time="0.038"/>
  <testcase name="testRegister" classname="com.yinsel.usercenter.service.UserServiceTest" time="0.018">
    <error message="请求参数错误" type="com.yinsel.usercenter.exception.BusinessException">com.yinsel.usercenter.exception.BusinessException: 请求参数错误
	at com.yinsel.usercenter.service.UserServiceTest.testRegister(UserServiceTest.java:28)
</error>
  </testcase>
  <testcase name="testDigest" classname="com.yinsel.usercenter.service.UserServiceTest" time="0.003"/>
</testsuite>